Connecting to database specified by database.yml
Connecting to database specified by database.yml
  [1m[36m (19.3ms)[0m  [1mselect sqlite_version(*)[0m
  [1m[35m (3.1ms)[0m  CREATE TABLE "schema_migrations" ("version" varchar(255) NOT NULL) 
  [1m[36m (2.2ms)[0m  [1mCREATE UNIQUE INDEX "unique_schema_migrations" ON "schema_migrations" ("version")[0m
  [1m[35m (0.1ms)[0m  SELECT "schema_migrations"."version" FROM "schema_migrations" 
Migrating to CreateMovies (20111119180638)
  [1m[36m (0.1ms)[0m  [1mbegin transaction[0m
  [1m[35m (1.3ms)[0m  CREATE TABLE "movies" ("id" INTEGER PRIMARY KEY AUTOINCREMENT NOT NULL, "title" varchar(255), "rating" varchar(255), "description" text, "release_date" datetime, "created_at" datetime NOT NULL, "updated_at" datetime NOT NULL) 
  [1m[36m (0.2ms)[0m  [1mINSERT INTO "schema_migrations" ("version") VALUES ('20111119180638')[0m
  [1m[35m (2.1ms)[0m  commit transaction
  [1m[36m (0.1ms)[0m  [1mSELECT "schema_migrations"."version" FROM "schema_migrations" [0m
Connecting to database specified by database.yml
  [1m[36m (0.1ms)[0m  [1mSELECT "schema_migrations"."version" FROM "schema_migrations" [0m
  [1m[35m (0.1ms)[0m  begin transaction
  [1m[36mSQL (40.6ms)[0m  [1mINSERT INTO "movies" ("created_at", "description", "rating", "release_date", "title", "updated_at") VALUES (?, ?, ?, ?, ?, ?)[0m  [["created_at", Mon, 13 Apr 2015 22:49:55 UTC +00:00], ["description", nil], ["rating", "G"], ["release_date", Wed, 25 Nov 1992 00:00:00 UTC +00:00], ["title", "Aladdin"], ["updated_at", Mon, 13 Apr 2015 22:49:55 UTC +00:00]]
  [1m[35m (2.4ms)[0m  commit transaction
  [1m[36m (0.1ms)[0m  [1mbegin transaction[0m
  [1m[35mSQL (0.4ms)[0m  INSERT INTO "movies" ("created_at", "description", "rating", "release_date", "title", "updated_at") VALUES (?, ?, ?, ?, ?, ?)  [["created_at", Mon, 13 Apr 2015 22:49:56 UTC +00:00], ["description", nil], ["rating", "R"], ["release_date", Fri, 26 Oct 1984 00:00:00 UTC +00:00], ["title", "The Terminator"], ["updated_at", Mon, 13 Apr 2015 22:49:56 UTC +00:00]]
  [1m[36m (2.0ms)[0m  [1mcommit transaction[0m
  [1m[35m (0.1ms)[0m  begin transaction
  [1m[36mSQL (0.4ms)[0m  [1mINSERT INTO "movies" ("created_at", "description", "rating", "release_date", "title", "updated_at") VALUES (?, ?, ?, ?, ?, ?)[0m  [["created_at", Mon, 13 Apr 2015 22:49:56 UTC +00:00], ["description", nil], ["rating", "R"], ["release_date", Fri, 21 Jul 1989 00:00:00 UTC +00:00], ["title", "When Harry Met Sally"], ["updated_at", Mon, 13 Apr 2015 22:49:56 UTC +00:00]]
  [1m[35m (1.7ms)[0m  commit transaction
  [1m[36m (0.1ms)[0m  [1mbegin transaction[0m
  [1m[35mSQL (0.3ms)[0m  INSERT INTO "movies" ("created_at", "description", "rating", "release_date", "title", "updated_at") VALUES (?, ?, ?, ?, ?, ?)  [["created_at", Mon, 13 Apr 2015 22:49:56 UTC +00:00], ["description", nil], ["rating", "PG-13"], ["release_date", Wed, 10 Aug 2011 00:00:00 UTC +00:00], ["title", "The Help"], ["updated_at", Mon, 13 Apr 2015 22:49:56 UTC +00:00]]
  [1m[36m (1.8ms)[0m  [1mcommit transaction[0m
  [1m[35m (0.1ms)[0m  begin transaction
  [1m[36mSQL (0.3ms)[0m  [1mINSERT INTO "movies" ("created_at", "description", "rating", "release_date", "title", "updated_at") VALUES (?, ?, ?, ?, ?, ?)[0m  [["created_at", Mon, 13 Apr 2015 22:49:56 UTC +00:00], ["description", nil], ["rating", "PG-13"], ["release_date", Fri, 05 Jan 2001 00:00:00 UTC +00:00], ["title", "Chocolat"], ["updated_at", Mon, 13 Apr 2015 22:49:56 UTC +00:00]]
  [1m[35m (1.7ms)[0m  commit transaction
  [1m[36m (0.0ms)[0m  [1mbegin transaction[0m
  [1m[35mSQL (0.3ms)[0m  INSERT INTO "movies" ("created_at", "description", "rating", "release_date", "title", "updated_at") VALUES (?, ?, ?, ?, ?, ?)  [["created_at", Mon, 13 Apr 2015 22:49:56 UTC +00:00], ["description", nil], ["rating", "R"], ["release_date", Wed, 25 Apr 2001 00:00:00 UTC +00:00], ["title", "Amelie"], ["updated_at", Mon, 13 Apr 2015 22:49:56 UTC +00:00]]
  [1m[36m (1.6ms)[0m  [1mcommit transaction[0m
  [1m[35m (0.0ms)[0m  begin transaction
  [1m[36mSQL (0.4ms)[0m  [1mINSERT INTO "movies" ("created_at", "description", "rating", "release_date", "title", "updated_at") VALUES (?, ?, ?, ?, ?, ?)[0m  [["created_at", Mon, 13 Apr 2015 22:49:56 UTC +00:00], ["description", nil], ["rating", "G"], ["release_date", Sat, 06 Apr 1968 00:00:00 UTC +00:00], ["title", "2001: A Space Odyssey"], ["updated_at", Mon, 13 Apr 2015 22:49:56 UTC +00:00]]
  [1m[35m (1.7ms)[0m  commit transaction
  [1m[36m (0.1ms)[0m  [1mbegin transaction[0m
  [1m[35mSQL (0.3ms)[0m  INSERT INTO "movies" ("created_at", "description", "rating", "release_date", "title", "updated_at") VALUES (?, ?, ?, ?, ?, ?)  [["created_at", Mon, 13 Apr 2015 22:49:56 UTC +00:00], ["description", nil], ["rating", "PG"], ["release_date", Fri, 05 Nov 2004 00:00:00 UTC +00:00], ["title", "The Incredibles"], ["updated_at", Mon, 13 Apr 2015 22:49:56 UTC +00:00]]
  [1m[36m (1.7ms)[0m  [1mcommit transaction[0m
  [1m[35m (0.0ms)[0m  begin transaction
  [1m[36mSQL (0.3ms)[0m  [1mINSERT INTO "movies" ("created_at", "description", "rating", "release_date", "title", "updated_at") VALUES (?, ?, ?, ?, ?, ?)[0m  [["created_at", Mon, 13 Apr 2015 22:49:56 UTC +00:00], ["description", nil], ["rating", "PG"], ["release_date", Fri, 12 Jun 1981 00:00:00 UTC +00:00], ["title", "Raiders of the Lost Ark"], ["updated_at", Mon, 13 Apr 2015 22:49:56 UTC +00:00]]
  [1m[35m (1.6ms)[0m  commit transaction
  [1m[36m (0.1ms)[0m  [1mbegin transaction[0m
  [1m[35mSQL (0.4ms)[0m  INSERT INTO "movies" ("created_at", "description", "rating", "release_date", "title", "updated_at") VALUES (?, ?, ?, ?, ?, ?)  [["created_at", Mon, 13 Apr 2015 22:49:56 UTC +00:00], ["description", nil], ["rating", "G"], ["release_date", Wed, 21 Jun 2000 00:00:00 UTC +00:00], ["title", "Chicken Run"], ["updated_at", Mon, 13 Apr 2015 22:49:56 UTC +00:00]]
  [1m[36m (1.7ms)[0m  [1mcommit transaction[0m


Started GET "/assets/rails.png" for 127.0.0.1 at 2015-04-13 15:50:23 -0700
Connecting to database specified by database.yml
Served asset /rails.png - 200 OK (233ms)


Started GET "/movies" for 127.0.0.1 at 2015-04-13 15:50:34 -0700
Processing by MoviesController#index as HTML
  [1m[36mMovie Load (0.1ms)[0m  [1mSELECT "movies".* FROM "movies" [0m
  Rendered movies/index.html.haml within layouts/application (105.6ms)
Compiled application.css  (0ms)  (pid 17062)
Compiled jquery.js  (8ms)  (pid 17062)
Compiled jquery_ujs.js  (1ms)  (pid 17062)
Compiled application.js  (455ms)  (pid 17062)
Completed 200 OK in 1852.4ms (Views: 1701.4ms | ActiveRecord: 1.3ms)


Started GET "/assets/application.css?body=1" for 127.0.0.1 at 2015-04-13 15:50:37 -0700
Served asset /application.css - 200 OK (51ms)


Started GET "/assets/jquery.js?body=1" for 127.0.0.1 at 2015-04-13 15:50:38 -0700
Served asset /jquery.js - 200 OK (141ms)


Started GET "/assets/jquery_ujs.js?body=1" for 127.0.0.1 at 2015-04-13 15:50:38 -0700
Served asset /jquery_ujs.js - 200 OK (211ms)


Started GET "/assets/application.js?body=1" for 127.0.0.1 at 2015-04-13 15:50:38 -0700
Served asset /application.js - 200 OK (8ms)


Started GET "/assets/rails.png" for 127.0.0.1 at 2015-04-13 21:47:47 -0700
Connecting to database specified by database.yml
Served asset /rails.png - 200 OK (48ms)


Started GET "/assets/rails.png" for 127.0.0.1 at 2015-04-13 22:00:07 -0700
Connecting to database specified by database.yml
Served asset /rails.png - 304 Not Modified (44ms)


Started GET "/assets/rails.png" for 127.0.0.1 at 2015-04-13 22:00:08 -0700
Served asset /rails.png - 304 Not Modified (0ms)


Started GET "/assets/rails.png" for 127.0.0.1 at 2015-04-13 22:00:22 -0700
Served asset /rails.png - 304 Not Modified (0ms)


Started GET "/" for 127.0.0.1 at 2015-04-13 22:01:33 -0700
Connecting to database specified by database.yml


Started GET "/movies" for 127.0.0.1 at 2015-04-13 22:01:34 -0700
Processing by MoviesController#index as HTML
  [1m[36mMovie Load (15.7ms)[0m  [1mSELECT "movies".* FROM "movies" [0m
  Rendered movies/index.html.haml within layouts/application (63.4ms)
Completed 200 OK in 347.2ms (Views: 201.0ms | ActiveRecord: 54.3ms)


Started GET "/assets/application.css?body=1" for 127.0.0.1 at 2015-04-13 22:01:35 -0700
Served asset /application.css - 200 OK (2ms)


Started GET "/assets/jquery.js?body=1" for 127.0.0.1 at 2015-04-13 22:01:35 -0700
Served asset /jquery.js - 200 OK (4ms)


Started GET "/assets/application.js?body=1" for 127.0.0.1 at 2015-04-13 22:01:35 -0700
Served asset /application.js - 200 OK (5ms)


Started GET "/assets/jquery_ujs.js?body=1" for 127.0.0.1 at 2015-04-13 22:01:35 -0700
Served asset /jquery_ujs.js - 200 OK (2ms)


Started GET "/" for 127.0.0.1 at 2015-04-14 09:59:34 -0700
Connecting to database specified by database.yml


Started GET "/movies" for 127.0.0.1 at 2015-04-14 09:59:35 -0700
Processing by MoviesController#index as HTML
  [1m[36mMovie Load (10.5ms)[0m  [1mSELECT "movies".* FROM "movies" [0m
  Rendered movies/index.html.haml within layouts/application (53.6ms)
Completed 200 OK in 268.6ms (Views: 216.0ms | ActiveRecord: 22.6ms)


Started GET "/assets/application.css?body=1" for 127.0.0.1 at 2015-04-14 09:59:36 -0700
Served asset /application.css - 304 Not Modified (1ms)


Started GET "/assets/jquery.js?body=1" for 127.0.0.1 at 2015-04-14 09:59:36 -0700
Served asset /jquery.js - 304 Not Modified (3ms)


Started GET "/assets/application.js?body=1" for 127.0.0.1 at 2015-04-14 09:59:36 -0700
Served asset /application.js - 304 Not Modified (10ms)


Started GET "/assets/jquery_ujs.js?body=1" for 127.0.0.1 at 2015-04-14 09:59:36 -0700
Served asset /jquery_ujs.js - 304 Not Modified (4ms)
